<?xml version="1.0" encoding="UTF-8"?>
<!-- Generated by org.testng.reporters.JUnitReportReporter -->
<testsuite hostname="SGIVDI-0079" failures="0" tests="1" name="keyword_driven_model.TestRunner" time="44.690" errors="0" timestamp="2025-07-28T18:46:45 IST" skipped="0">
  <testcase classname="keyword_driven_model.TestRunner" name="run" time="44.690"/>
</testsuite> <!-- keyword_driven_model.TestRunner -->
