<?xml version="1.0" encoding="UTF-8"?>
<!-- Generated by org.testng.reporters.JUnitReportReporter -->
<testsuite hostname="SGIVDI-0079" failures="0" tests="2" name="Appium.Loginpage" time="9.497" errors="1" timestamp="2025-02-13T11:45:31 IST" skipped="1">
  <testcase classname="Appium.Loginpage" name="setup" time="9.497">
    <error message="Could not start a new session. Response code 404. Message: The requested resource could not be found, or a request was received using an HTTP method that is not supported by the mapped resource 
Host info: host: &#039;SGIVDI-0079&#039;, ip: &#039;172.23.6.217&#039;
Build info: version: &#039;4.28.1&#039;, revision: &#039;73f5ad48a2&#039;
System info: os.name: &#039;Windows 10&#039;, os.arch: &#039;amd64&#039;, os.version: &#039;10.0&#039;, java.version: &#039;22.0.2&#039;
Driver info: io.appium.java_client.android.AndroidDriver
Command: [null, newSession {capabilities=[Capabilities {appium:app: D:\androidapk\INova2.O(5).apk, appium:appActivity: com.inova.sgi.MainActivity, appium:appPackage: com.inova.sgi, appium:autoGrantPermissions: true, appium:automationName: UIAutomator2, appium:deviceName: Abiman Z, appium:isRealDevice: false, appium:newCommandTimeout: 60, appium:udid: 10BD4U1CC10006B, platformName: ANDROID}]}]
Capabilities {appium:app: D:\androidapk\INova2.O(5).apk, appium:appActivity: com.inova.sgi.MainActivity, appium:appPackage: com.inova.sgi, appium:autoGrantPermissions: true, appium:automationName: UIAutomator2, appium:deviceName: Abiman Z, appium:isRealDevice: false, appium:newCommandTimeout: 60, appium:udid: 10BD4U1CC10006B, platformName: ANDROID}" type="org.openqa.selenium.SessionNotCreatedException">
      <![CDATA[org.openqa.selenium.SessionNotCreatedException: Could not start a new session. Response code 404. Message: The requested resource could not be found, or a request was received using an HTTP method that is not supported by the mapped resource 
Host info: host: 'SGIVDI-0079', ip: '172.23.6.217'
Build info: version: '4.28.1', revision: '73f5ad48a2'
System info: os.name: 'Windows 10', os.arch: 'amd64', os.version: '10.0', java.version: '22.0.2'
Driver info: io.appium.java_client.android.AndroidDriver
Command: [null, newSession {capabilities=[Capabilities {appium:app: D:\androidapk\INova2.O(5).apk, appium:appActivity: com.inova.sgi.MainActivity, appium:appPackage: com.inova.sgi, appium:autoGrantPermissions: true, appium:automationName: UIAutomator2, appium:deviceName: Abiman Z, appium:isRealDevice: false, appium:newCommandTimeout: 60, appium:udid: 10BD4U1CC10006B, platformName: ANDROID}]}]
Capabilities {appium:app: D:\androidapk\INova2.O(5).apk, appium:appActivity: com.inova.sgi.MainActivity, appium:appPackage: com.inova.sgi, appium:autoGrantPermissions: true, appium:automationName: UIAutomator2, appium:deviceName: Abiman Z, appium:isRealDevice: false, appium:newCommandTimeout: 60, appium:udid: 10BD4U1CC10006B, platformName: ANDROID}
at org.openqa.selenium.remote.ProtocolHandshake.createSession(ProtocolHandshake.java:114)
at org.openqa.selenium.remote.ProtocolHandshake.createSession(ProtocolHandshake.java:75)
at org.openqa.selenium.remote.ProtocolHandshake.createSession(ProtocolHandshake.java:61)
at io.appium.java_client.remote.AppiumCommandExecutor.createSession(AppiumCommandExecutor.java:176)
at io.appium.java_client.remote.AppiumCommandExecutor.execute(AppiumCommandExecutor.java:237)
at org.openqa.selenium.remote.RemoteWebDriver.execute(RemoteWebDriver.java:545)
at io.appium.java_client.AppiumDriver.startSession(AppiumDriver.java:270)
at org.openqa.selenium.remote.RemoteWebDriver.<init>(RemoteWebDriver.java:174)
at io.appium.java_client.AppiumDriver.<init>(AppiumDriver.java:91)
at io.appium.java_client.AppiumDriver.<init>(AppiumDriver.java:103)
at io.appium.java_client.android.AndroidDriver.<init>(AndroidDriver.java:109)
at Appium.Loginpage.setup(Loginpage.java:45)
at java.base/jdk.internal.reflect.DirectMethodHandleAccessor.invoke(DirectMethodHandleAccessor.java:103)
at java.base/java.lang.reflect.Method.invoke(Method.java:580)
at org.testng.internal.invokers.MethodInvocationHelper.invokeMethod(MethodInvocationHelper.java:141)
at org.testng.internal.invokers.MethodInvocationHelper.invokeMethodConsideringTimeout(MethodInvocationHelper.java:71)
at org.testng.internal.invokers.ConfigInvoker.invokeConfigurationMethod(ConfigInvoker.java:400)
at org.testng.internal.invokers.ConfigInvoker.invokeConfigurations(ConfigInvoker.java:333)
at org.testng.SuiteRunner.privateRun(SuiteRunner.java:358)
at org.testng.SuiteRunner.run(SuiteRunner.java:312)
at org.testng.SuiteRunnerWorker.runSuite(SuiteRunnerWorker.java:52)
at org.testng.SuiteRunnerWorker.run(SuiteRunnerWorker.java:95)
at org.testng.TestNG.runSuitesSequentially(TestNG.java:1274)
at org.testng.TestNG.runSuitesLocally(TestNG.java:1208)
at org.testng.TestNG.runSuites(TestNG.java:1112)
at org.testng.TestNG.run(TestNG.java:1079)
at org.testng.remote.AbstractRemoteTestNG.run(AbstractRemoteTestNG.java:115)
at org.testng.remote.RemoteTestNG.initAndRun(RemoteTestNG.java:293)
at org.testng.remote.RemoteTestNG.main(RemoteTestNG.java:91)
]]>
    </error>
  </testcase> <!-- setup -->
  <testcase classname="Appium.Loginpage" name="login" time="0.000">
    <skipped/>
  </testcase> <!-- login -->
</testsuite> <!-- Appium.Loginpage -->
