<?xml version="1.0" encoding="UTF-8"?>
<!-- Generated by org.testng.reporters.JUnitReportReporter -->
<testsuite hostname="SGIVDI-0079" failures="0" tests="1" name="Groupid.RestAssured.CreateLogin" time="4.100" errors="0" timestamp="2025-06-15T18:11:14 IST" skipped="0">
  <testcase classname="Groupid.RestAssured.CreateLogin" name="add_order" time="4.100"/>
  <system-out/>
</testsuite> <!-- Groupid.RestAssured.CreateLogin -->
