<?xml version="1.0" encoding="UTF-8"?>
<!-- Generated by org.testng.reporters.JUnitReportReporter -->
<testsuite hostname="SGIVDI-0079" failures="0" tests="1" name="testRunner.example_runner" time="0.240" errors="0" timestamp="2025-02-03T11:06:08 IST" skipped="0">
  <testcase classname="testRunner.example_runner" name="runScenario" time="0.240"/>
</testsuite> <!-- testRunner.example_runner -->
